<?xml version="1.0" encoding="UTF-8"?>
<!-- Generated by org.testng.reporters.JUnitReportReporter -->
<testsuite hostname="LAPTOP-GLNTF7UR" failures="0" tests="1" name="Scripts.Testcase01" time="0.015" errors="0" timestamp="2022-05-05T19:08:20 IST" skipped="0">
  <testcase classname="Scripts.Testcase01" name="tc1" time="0.015"/>
  <system-out>
    <![CDATA[Hello Selenium]]>
  </system-out>
</testsuite> <!-- Scripts.Testcase01 -->
